<?xml version="1.0" encoding="UTF-8"?>
<!-- Generated by org.testng.reporters.JUnitReportReporter -->
<testsuite hostname="DESKTOP-8GOET0A" failures="0" tests="1" name="Automation1.Test.AppTest" time="0.007" errors="0" timestamp="2023-05-23T10:16:36 IST" skipped="0">
  <testcase classname="Automation1.Test.AppTest" name="shouldAnswerWithTrue" time="0.007"/>
  <system-out/>
</testsuite> <!-- Automation1.Test.AppTest -->
