<?xml version="1.0" encoding="UTF-8"?>
<!-- Generated by org.testng.reporters.JUnitReportReporter -->
<testsuite hostname="DESKTOP-8GOET0A" failures="0" tests="1" name="Automation1.Test.Test1" time="0.008" errors="0" timestamp="2023-05-23T10:23:04 IST" skipped="0">
  <testcase classname="Automation1.Test.Test1" name="test1" time="0.008"/>
  <system-out/>
</testsuite> <!-- Automation1.Test.Test1 -->
