<?xml version="1.0" encoding="UTF-8"?>
<!-- Generated by org.testng.reporters.JUnitReportReporter -->
<testsuite hostname="DESKTOP-8GOET0A" failures="0" tests="6" name="Automation1.Test.MavenTest" time="0.061" errors="0" timestamp="2023-05-23T14:31:32 IST" skipped="0">
  <testcase classname="Automation1.Test.MavenTest" name="TestTitle" time="0.008"/>
  <system-out/>
  <testcase classname="Automation1.Test.MavenTest" name="TestTitle" time="0.021"/>
  <system-out/>
  <testcase classname="Automation1.Test.MavenTest" name="TestTitle" time="0.015"/>
  <system-out/>
  <testcase classname="Automation1.Test.MavenTest" name="TestTitle" time="0.011"/>
  <system-out/>
  <testcase classname="Automation1.Test.MavenTest" name="TestTitle" time="0.006"/>
  <system-out/>
  <testcase classname="Automation1.Test.MavenTest" name="TestTabs" time="0.000"/>
  <system-out/>
</testsuite> <!-- Automation1.Test.MavenTest -->
