<?xml version="1.0" encoding="UTF-8"?>
<!-- Generated by org.testng.reporters.JUnitReportReporter -->
<testsuite skipped="0" hostname="DESKTOP-8GOET0A" name="Automation1.Test.MavenTest" tests="6" failures="0" timestamp="2023-05-23T10:45:00 IST" time="0.085" errors="0">
  <testcase name="TestTitle" time="0.012" classname="Automation1.Test.MavenTest"/>
  <system-out/>
  <testcase name="TestTitle" time="0.022" classname="Automation1.Test.MavenTest"/>
  <system-out/>
  <testcase name="TestTitle" time="0.018" classname="Automation1.Test.MavenTest"/>
  <system-out/>
  <testcase name="TestTitle" time="0.017" classname="Automation1.Test.MavenTest"/>
  <system-out/>
  <testcase name="TestTitle" time="0.016" classname="Automation1.Test.MavenTest"/>
  <system-out/>
  <testcase name="TestTabs" time="0.000" classname="Automation1.Test.MavenTest"/>
  <system-out/>
</testsuite> <!-- Automation1.Test.MavenTest -->
